{"C:\\Users\\jtomy\\OneDrive - Kmart Australia Limited\\KHome\\My Offline Files\\Desktop\\crud api\\connection.js": {"path":"C:\\Users\\jtomy\\OneDrive - Kmart Australia Limited\\KHome\\My Offline Files\\Desktop\\crud api\\connection.js","statementMap":{"0":{"start":{"line":1,"column":17},"end":{"line":1,"column":36}},"1":{"start":{"line":4,"column":4},"end":{"line":4,"column":32}},"2":{"start":{"line":7,"column":0},"end":{"line":9,"column":1}}},"fnMap":{"0":{"name":"connectMongoDb","decl":{"start":{"line":3,"column":15},"end":{"line":3,"column":29}},"loc":{"start":{"line":3,"column":34},"end":{"line":5,"column":1}},"line":3}},"branchMap":{},"s":{"0":1,"1":1,"2":1},"f":{"0":1},"b":{},"_coverageSchema":"1a1c01bbd47fc00a2c39e90264f33305004495a9","hash":"bc3d3265c186953175f3beb01981e36ad8ab8c48"}
,"C:\\Users\\jtomy\\OneDrive - Kmart Australia Limited\\KHome\\My Offline Files\\Desktop\\crud api\\index.js": {"path":"C:\\Users\\jtomy\\OneDrive - Kmart Australia Limited\\KHome\\My Offline Files\\Desktop\\crud api\\index.js","statementMap":{"0":{"start":{"line":1,"column":0},"end":{"line":1,"column":26}},"1":{"start":{"line":2,"column":16},"end":{"line":2,"column":34}},"2":{"start":{"line":3,"column":23},"end":{"line":3,"column":46}},"3":{"start":{"line":4,"column":16},"end":{"line":4,"column":53}},"4":{"start":{"line":5,"column":22},"end":{"line":5,"column":49}},"5":{"start":{"line":6,"column":10},"end":{"line":6,"column":19}},"6":{"start":{"line":8,"column":16},"end":{"line":8,"column":37}},"7":{"start":{"line":9,"column":13},"end":{"line":9,"column":37}},"8":{"start":{"line":12,"column":0},"end":{"line":12,"column":24}},"9":{"start":{"line":16,"column":0},"end":{"line":18,"column":2}},"10":{"start":{"line":17,"column":4},"end":{"line":17,"column":25}},"11":{"start":{"line":19,"column":0},"end":{"line":21,"column":2}},"12":{"start":{"line":20,"column":4},"end":{"line":20,"column":32}},"13":{"start":{"line":23,"column":0},"end":{"line":23,"column":34}},"14":{"start":{"line":24,"column":0},"end":{"line":24,"column":18}},"15":{"start":{"line":28,"column":0},"end":{"line":36,"column":2}},"16":{"start":{"line":30,"column":4},"end":{"line":30,"column":39}},"17":{"start":{"line":31,"column":4},"end":{"line":33,"column":7}},"18":{"start":{"line":32,"column":8},"end":{"line":32,"column":63}},"19":{"start":{"line":35,"column":4},"end":{"line":35,"column":22}},"20":{"start":{"line":38,"column":0},"end":{"line":38,"column":19}}},"fnMap":{"0":{"name":"(anonymous_0)","decl":{"start":{"line":16,"column":12},"end":{"line":16,"column":13}},"loc":{"start":{"line":16,"column":24},"end":{"line":18,"column":1}},"line":16},"1":{"name":"(anonymous_1)","decl":{"start":{"line":19,"column":16},"end":{"line":19,"column":17}},"loc":{"start":{"line":19,"column":28},"end":{"line":21,"column":1}},"line":19},"2":{"name":"(anonymous_2)","decl":{"start":{"line":29,"column":6},"end":{"line":29,"column":7}},"loc":{"start":{"line":29,"column":12},"end":{"line":34,"column":1}},"line":29},"3":{"name":"(anonymous_3)","decl":{"start":{"line":31,"column":21},"end":{"line":31,"column":22}},"loc":{"start":{"line":31,"column":26},"end":{"line":33,"column":5}},"line":31},"4":{"name":"(anonymous_4)","decl":{"start":{"line":34,"column":9},"end":{"line":34,"column":10}},"loc":{"start":{"line":34,"column":20},"end":{"line":36,"column":1}},"line":34}},"branchMap":{"0":{"loc":{"start":{"line":9,"column":13},"end":{"line":9,"column":37}},"type":"binary-expr","locations":[{"start":{"line":9,"column":13},"end":{"line":9,"column":29}},{"start":{"line":9,"column":33},"end":{"line":9,"column":37}}],"line":9}},"s":{"0":1,"1":1,"2":1,"3":1,"4":1,"5":1,"6":1,"7":1,"8":1,"9":1,"10":1,"11":1,"12":1,"13":1,"14":1,"15":1,"16":1,"17":1,"18":1,"19":0,"20":1},"f":{"0":1,"1":1,"2":1,"3":1,"4":0},"b":{"0":[1,0]},"_coverageSchema":"1a1c01bbd47fc00a2c39e90264f33305004495a9","hash":"c84e8f54a1f61c6f0f05cda1f95a8ef16a4f6f62"}
,"C:\\Users\\jtomy\\OneDrive - Kmart Australia Limited\\KHome\\My Offline Files\\Desktop\\crud api\\controllers\\product.js": {"path":"C:\\Users\\jtomy\\OneDrive - Kmart Australia Limited\\KHome\\My Offline Files\\Desktop\\crud api\\controllers\\product.js","statementMap":{"0":{"start":{"line":1,"column":16},"end":{"line":1,"column":49}},"1":{"start":{"line":2,"column":12},"end":{"line":2,"column":26}},"2":{"start":{"line":4,"column":17},"end":{"line":6,"column":2}},"3":{"start":{"line":9,"column":22},"end":{"line":32,"column":1}},"4":{"start":{"line":10,"column":4},"end":{"line":31,"column":5}},"5":{"start":{"line":16,"column":19},"end":{"line":16,"column":30}},"6":{"start":{"line":17,"column":18},"end":{"line":17,"column":20}},"7":{"start":{"line":18,"column":28},"end":{"line":18,"column":50}},"8":{"start":{"line":19,"column":30},"end":{"line":19,"column":48}},"9":{"start":{"line":20,"column":8},"end":{"line":22,"column":9}},"10":{"start":{"line":21,"column":12},"end":{"line":21,"column":28}},"11":{"start":{"line":23,"column":23},"end":{"line":23,"column":78}},"12":{"start":{"line":25,"column":8},"end":{"line":25,"column":38}},"13":{"start":{"line":29,"column":8},"end":{"line":29,"column":35}},"14":{"start":{"line":30,"column":8},"end":{"line":30,"column":53}},"15":{"start":{"line":35,"column":24},"end":{"line":45,"column":1}},"16":{"start":{"line":36,"column":4},"end":{"line":44,"column":5}},"17":{"start":{"line":38,"column":23},"end":{"line":38,"column":53}},"18":{"start":{"line":39,"column":8},"end":{"line":39,"column":38}},"19":{"start":{"line":42,"column":8},"end":{"line":42,"column":35}},"20":{"start":{"line":43,"column":8},"end":{"line":43,"column":53}},"21":{"start":{"line":48,"column":16},"end":{"line":60,"column":1}},"22":{"start":{"line":49,"column":4},"end":{"line":59,"column":5}},"23":{"start":{"line":50,"column":21},"end":{"line":50,"column":31}},"24":{"start":{"line":51,"column":22},"end":{"line":51,"column":45}},"25":{"start":{"line":52,"column":8},"end":{"line":54,"column":9}},"26":{"start":{"line":53,"column":12},"end":{"line":53,"column":75}},"27":{"start":{"line":55,"column":24},"end":{"line":55,"column":50}},"28":{"start":{"line":56,"column":8},"end":{"line":56,"column":38}},"29":{"start":{"line":58,"column":8},"end":{"line":58,"column":54}},"30":{"start":{"line":62,"column":21},"end":{"line":78,"column":1}},"31":{"start":{"line":63,"column":4},"end":{"line":77,"column":5}},"32":{"start":{"line":64,"column":21},"end":{"line":64,"column":31}},"33":{"start":{"line":65,"column":22},"end":{"line":65,"column":45}},"34":{"start":{"line":66,"column":8},"end":{"line":68,"column":9}},"35":{"start":{"line":67,"column":12},"end":{"line":67,"column":75}},"36":{"start":{"line":69,"column":24},"end":{"line":69,"column":59}},"37":{"start":{"line":70,"column":8},"end":{"line":72,"column":9}},"38":{"start":{"line":71,"column":12},"end":{"line":71,"column":91}},"39":{"start":{"line":73,"column":8},"end":{"line":73,"column":38}},"40":{"start":{"line":76,"column":8},"end":{"line":76,"column":54}},"41":{"start":{"line":81,"column":21},"end":{"line":99,"column":1}},"42":{"start":{"line":82,"column":4},"end":{"line":98,"column":5}},"43":{"start":{"line":83,"column":21},"end":{"line":83,"column":31}},"44":{"start":{"line":84,"column":24},"end":{"line":84,"column":69}},"45":{"start":{"line":85,"column":22},"end":{"line":85,"column":45}},"46":{"start":{"line":86,"column":8},"end":{"line":88,"column":9}},"47":{"start":{"line":87,"column":12},"end":{"line":87,"column":75}},"48":{"start":{"line":90,"column":8},"end":{"line":92,"column":9}},"49":{"start":{"line":91,"column":12},"end":{"line":91,"column":91}},"50":{"start":{"line":93,"column":31},"end":{"line":93,"column":57}},"51":{"start":{"line":94,"column":8},"end":{"line":94,"column":45}},"52":{"start":{"line":97,"column":8},"end":{"line":97,"column":54}},"53":{"start":{"line":102,"column":0},"end":{"line":102,"column":30}}},"fnMap":{"0":{"name":"(anonymous_0)","decl":{"start":{"line":9,"column":22},"end":{"line":9,"column":23}},"loc":{"start":{"line":9,"column":41},"end":{"line":32,"column":1}},"line":9},"1":{"name":"(anonymous_1)","decl":{"start":{"line":35,"column":24},"end":{"line":35,"column":25}},"loc":{"start":{"line":35,"column":43},"end":{"line":45,"column":1}},"line":35},"2":{"name":"(anonymous_2)","decl":{"start":{"line":48,"column":16},"end":{"line":48,"column":17}},"loc":{"start":{"line":48,"column":34},"end":{"line":60,"column":1}},"line":48},"3":{"name":"(anonymous_3)","decl":{"start":{"line":62,"column":21},"end":{"line":62,"column":22}},"loc":{"start":{"line":62,"column":39},"end":{"line":78,"column":1}},"line":62},"4":{"name":"(anonymous_4)","decl":{"start":{"line":81,"column":21},"end":{"line":81,"column":22}},"loc":{"start":{"line":81,"column":39},"end":{"line":99,"column":1}},"line":81}},"branchMap":{"0":{"loc":{"start":{"line":20,"column":8},"end":{"line":22,"column":9}},"type":"if","locations":[{"start":{"line":20,"column":8},"end":{"line":22,"column":9}},{"start":{},"end":{}}],"line":20},"1":{"loc":{"start":{"line":52,"column":8},"end":{"line":54,"column":9}},"type":"if","locations":[{"start":{"line":52,"column":8},"end":{"line":54,"column":9}},{"start":{},"end":{}}],"line":52},"2":{"loc":{"start":{"line":66,"column":8},"end":{"line":68,"column":9}},"type":"if","locations":[{"start":{"line":66,"column":8},"end":{"line":68,"column":9}},{"start":{},"end":{}}],"line":66},"3":{"loc":{"start":{"line":70,"column":8},"end":{"line":72,"column":9}},"type":"if","locations":[{"start":{"line":70,"column":8},"end":{"line":72,"column":9}},{"start":{},"end":{}}],"line":70},"4":{"loc":{"start":{"line":86,"column":8},"end":{"line":88,"column":9}},"type":"if","locations":[{"start":{"line":86,"column":8},"end":{"line":88,"column":9}},{"start":{},"end":{}}],"line":86},"5":{"loc":{"start":{"line":90,"column":8},"end":{"line":92,"column":9}},"type":"if","locations":[{"start":{"line":90,"column":8},"end":{"line":92,"column":9}},{"start":{},"end":{}}],"line":90}},"s":{"0":1,"1":1,"2":1,"3":1,"4":1,"5":1,"6":1,"7":1,"8":1,"9":1,"10":0,"11":1,"12":1,"13":0,"14":0,"15":1,"16":1,"17":1,"18":1,"19":0,"20":0,"21":1,"22":2,"23":2,"24":2,"25":2,"26":1,"27":1,"28":1,"29":0,"30":1,"31":3,"32":3,"33":3,"34":3,"35":1,"36":2,"37":2,"38":1,"39":1,"40":0,"41":1,"42":1,"43":1,"44":1,"45":1,"46":1,"47":0,"48":1,"49":0,"50":1,"51":1,"52":0,"53":1},"f":{"0":1,"1":1,"2":2,"3":3,"4":1},"b":{"0":[0,1],"1":[1,1],"2":[1,2],"3":[1,1],"4":[0,1],"5":[0,1]},"_coverageSchema":"1a1c01bbd47fc00a2c39e90264f33305004495a9","hash":"89478eb4ea70d4825d1e1339f6f979caf310c9aa"}
,"C:\\Users\\jtomy\\OneDrive - Kmart Australia Limited\\KHome\\My Offline Files\\Desktop\\crud api\\middleware\\authorization.js": {"path":"C:\\Users\\jtomy\\OneDrive - Kmart Australia Limited\\KHome\\My Offline Files\\Desktop\\crud api\\middleware\\authorization.js","statementMap":{"0":{"start":{"line":1,"column":11},"end":{"line":1,"column":34}},"1":{"start":{"line":4,"column":22},"end":{"line":4,"column":50}},"2":{"start":{"line":5,"column":18},"end":{"line":5,"column":56}},"3":{"start":{"line":6,"column":4},"end":{"line":6,"column":98}},"4":{"start":{"line":6,"column":21},"end":{"line":6,"column":98}},"5":{"start":{"line":8,"column":4},"end":{"line":11,"column":6}},"6":{"start":{"line":9,"column":8},"end":{"line":9,"column":80}},"7":{"start":{"line":9,"column":17},"end":{"line":9,"column":80}},"8":{"start":{"line":10,"column":8},"end":{"line":10,"column":14}},"9":{"start":{"line":13,"column":0},"end":{"line":13,"column":24}}},"fnMap":{"0":{"name":"authToken","decl":{"start":{"line":3,"column":9},"end":{"line":3,"column":18}},"loc":{"start":{"line":3,"column":32},"end":{"line":12,"column":1}},"line":3},"1":{"name":"(anonymous_1)","decl":{"start":{"line":8,"column":53},"end":{"line":8,"column":54}},"loc":{"start":{"line":8,"column":65},"end":{"line":11,"column":5}},"line":8}},"branchMap":{"0":{"loc":{"start":{"line":5,"column":18},"end":{"line":5,"column":56}},"type":"binary-expr","locations":[{"start":{"line":5,"column":18},"end":{"line":5,"column":28}},{"start":{"line":5,"column":32},"end":{"line":5,"column":56}}],"line":5},"1":{"loc":{"start":{"line":6,"column":4},"end":{"line":6,"column":98}},"type":"if","locations":[{"start":{"line":6,"column":4},"end":{"line":6,"column":98}},{"start":{},"end":{}}],"line":6},"2":{"loc":{"start":{"line":9,"column":8},"end":{"line":9,"column":80}},"type":"if","locations":[{"start":{"line":9,"column":8},"end":{"line":9,"column":80}},{"start":{},"end":{}}],"line":9}},"s":{"0":2,"1":1,"2":1,"3":1,"4":0,"5":1,"6":1,"7":0,"8":1,"9":2},"f":{"0":1,"1":1},"b":{"0":[1,1],"1":[0,1],"2":[0,1]},"_coverageSchema":"1a1c01bbd47fc00a2c39e90264f33305004495a9","hash":"f5509c2bb3577fbbd970e6e17de5d5517620bfa2"}
,"C:\\Users\\jtomy\\OneDrive - Kmart Australia Limited\\KHome\\My Offline Files\\Desktop\\crud api\\models\\productModel.js": {"path":"C:\\Users\\jtomy\\OneDrive - Kmart Australia Limited\\KHome\\My Offline Files\\Desktop\\crud api\\models\\productModel.js","statementMap":{"0":{"start":{"line":1,"column":16},"end":{"line":1,"column":35}},"1":{"start":{"line":3,"column":21},"end":{"line":30,"column":1}},"2":{"start":{"line":32,"column":14},"end":{"line":32,"column":53}},"3":{"start":{"line":34,"column":0},"end":{"line":34,"column":23}}},"fnMap":{},"branchMap":{},"s":{"0":1,"1":1,"2":1,"3":1},"f":{},"b":{},"_coverageSchema":"1a1c01bbd47fc00a2c39e90264f33305004495a9","hash":"37c2e424ad7e9bb942e0e792785d5d267e2bad8c"}
,"C:\\Users\\jtomy\\OneDrive - Kmart Australia Limited\\KHome\\My Offline Files\\Desktop\\crud api\\routes\\product.js": {"path":"C:\\Users\\jtomy\\OneDrive - Kmart Australia Limited\\KHome\\My Offline Files\\Desktop\\crud api\\routes\\product.js","statementMap":{"0":{"start":{"line":1,"column":15},"end":{"line":1,"column":33}},"1":{"start":{"line":2,"column":18},"end":{"line":2,"column":51}},"2":{"start":{"line":3,"column":21},"end":{"line":3,"column":57}},"3":{"start":{"line":4,"column":13},"end":{"line":4,"column":29}},"4":{"start":{"line":5,"column":18},"end":{"line":5,"column":47}},"5":{"start":{"line":8,"column":0},"end":{"line":8,"column":46}},"6":{"start":{"line":9,"column":0},"end":{"line":9,"column":93}},"7":{"start":{"line":10,"column":0},"end":{"line":10,"column":44}},"8":{"start":{"line":11,"column":0},"end":{"line":11,"column":52}},"9":{"start":{"line":12,"column":0},"end":{"line":12,"column":92}},"10":{"start":{"line":13,"column":0},"end":{"line":13,"column":24}}},"fnMap":{},"branchMap":{},"s":{"0":1,"1":1,"2":1,"3":1,"4":1,"5":1,"6":1,"7":1,"8":1,"9":1,"10":1},"f":{},"b":{},"_coverageSchema":"1a1c01bbd47fc00a2c39e90264f33305004495a9","hash":"95d1c64be396e4716cdeb121000311a9b7034444"}
,"C:\\Users\\jtomy\\OneDrive - Kmart Australia Limited\\KHome\\My Offline Files\\Desktop\\crud api\\validations\\productVal.js": {"path":"C:\\Users\\jtomy\\OneDrive - Kmart Australia Limited\\KHome\\My Offline Files\\Desktop\\crud api\\validations\\productVal.js","statementMap":{"0":{"start":{"line":1,"column":12},"end":{"line":1,"column":26}},"1":{"start":{"line":4,"column":25},"end":{"line":17,"column":5}},"2":{"start":{"line":20,"column":0},"end":{"line":20,"column":32}}},"fnMap":{},"branchMap":{},"s":{"0":1,"1":1,"2":1},"f":{},"b":{},"_coverageSchema":"1a1c01bbd47fc00a2c39e90264f33305004495a9","hash":"54bfcc34eb86d29bb6aaff3006be5b17e6288a3f"}
}
