{"C:\\Users\\jtomy\\OneDrive - Kmart Australia Limited\\KHome\\My Offline Files\\Desktop\\crud api\\connection.js": {"path":"C:\\Users\\jtomy\\OneDrive - Kmart Australia Limited\\KHome\\My Offline Files\\Desktop\\crud api\\connection.js","statementMap":{"0":{"start":{"line":1,"column":17},"end":{"line":1,"column":36}},"1":{"start":{"line":4,"column":4},"end":{"line":4,"column":32}},"2":{"start":{"line":7,"column":0},"end":{"line":9,"column":1}}},"fnMap":{"0":{"name":"connectMongoDb","decl":{"start":{"line":3,"column":15},"end":{"line":3,"column":29}},"loc":{"start":{"line":3,"column":34},"end":{"line":5,"column":1}},"line":3}},"branchMap":{},"s":{"0":1,"1":1,"2":1},"f":{"0":1},"b":{},"_coverageSchema":"1a1c01bbd47fc00a2c39e90264f33305004495a9","hash":"bc3d3265c186953175f3beb01981e36ad8ab8c48"}
,"C:\\Users\\jtomy\\OneDrive - Kmart Australia Limited\\KHome\\My Offline Files\\Desktop\\crud api\\index.js": {"path":"C:\\Users\\jtomy\\OneDrive - Kmart Australia Limited\\KHome\\My Offline Files\\Desktop\\crud api\\index.js","statementMap":{"0":{"start":{"line":1,"column":0},"end":{"line":1,"column":26}},"1":{"start":{"line":2,"column":16},"end":{"line":2,"column":34}},"2":{"start":{"line":3,"column":23},"end":{"line":3,"column":46}},"3":{"start":{"line":4,"column":16},"end":{"line":4,"column":53}},"4":{"start":{"line":7,"column":22},"end":{"line":7,"column":49}},"5":{"start":{"line":8,"column":10},"end":{"line":8,"column":19}},"6":{"start":{"line":10,"column":16},"end":{"line":10,"column":37}},"7":{"start":{"line":11,"column":13},"end":{"line":11,"column":37}},"8":{"start":{"line":14,"column":0},"end":{"line":14,"column":24}},"9":{"start":{"line":18,"column":0},"end":{"line":20,"column":2}},"10":{"start":{"line":19,"column":4},"end":{"line":19,"column":25}},"11":{"start":{"line":21,"column":0},"end":{"line":23,"column":2}},"12":{"start":{"line":22,"column":4},"end":{"line":22,"column":32}},"13":{"start":{"line":25,"column":0},"end":{"line":25,"column":18}},"14":{"start":{"line":26,"column":0},"end":{"line":26,"column":34}},"15":{"start":{"line":30,"column":0},"end":{"line":38,"column":2}},"16":{"start":{"line":32,"column":4},"end":{"line":32,"column":39}},"17":{"start":{"line":33,"column":4},"end":{"line":35,"column":7}},"18":{"start":{"line":34,"column":8},"end":{"line":34,"column":63}},"19":{"start":{"line":37,"column":4},"end":{"line":37,"column":22}},"20":{"start":{"line":40,"column":0},"end":{"line":40,"column":19}}},"fnMap":{"0":{"name":"(anonymous_0)","decl":{"start":{"line":18,"column":12},"end":{"line":18,"column":13}},"loc":{"start":{"line":18,"column":24},"end":{"line":20,"column":1}},"line":18},"1":{"name":"(anonymous_1)","decl":{"start":{"line":21,"column":16},"end":{"line":21,"column":17}},"loc":{"start":{"line":21,"column":28},"end":{"line":23,"column":1}},"line":21},"2":{"name":"(anonymous_2)","decl":{"start":{"line":31,"column":6},"end":{"line":31,"column":7}},"loc":{"start":{"line":31,"column":12},"end":{"line":36,"column":1}},"line":31},"3":{"name":"(anonymous_3)","decl":{"start":{"line":33,"column":21},"end":{"line":33,"column":22}},"loc":{"start":{"line":33,"column":26},"end":{"line":35,"column":5}},"line":33},"4":{"name":"(anonymous_4)","decl":{"start":{"line":36,"column":9},"end":{"line":36,"column":10}},"loc":{"start":{"line":36,"column":20},"end":{"line":38,"column":1}},"line":36}},"branchMap":{"0":{"loc":{"start":{"line":11,"column":13},"end":{"line":11,"column":37}},"type":"binary-expr","locations":[{"start":{"line":11,"column":13},"end":{"line":11,"column":29}},{"start":{"line":11,"column":33},"end":{"line":11,"column":37}}],"line":11}},"s":{"0":1,"1":1,"2":1,"3":1,"4":1,"5":1,"6":1,"7":1,"8":1,"9":1,"10":1,"11":1,"12":1,"13":1,"14":1,"15":1,"16":1,"17":1,"18":1,"19":0,"20":1},"f":{"0":1,"1":1,"2":1,"3":1,"4":0},"b":{"0":[1,0]},"_coverageSchema":"1a1c01bbd47fc00a2c39e90264f33305004495a9","hash":"2cbd4bf610f52f507435f28116d2a64cca50540c"}
,"C:\\Users\\jtomy\\OneDrive - Kmart Australia Limited\\KHome\\My Offline Files\\Desktop\\crud api\\controllers\\product.js": {"path":"C:\\Users\\jtomy\\OneDrive - Kmart Australia Limited\\KHome\\My Offline Files\\Desktop\\crud api\\controllers\\product.js","statementMap":{"0":{"start":{"line":1,"column":16},"end":{"line":1,"column":49}},"1":{"start":{"line":2,"column":12},"end":{"line":2,"column":26}},"2":{"start":{"line":3,"column":18},"end":{"line":3,"column":39}},"3":{"start":{"line":5,"column":16},"end":{"line":5,"column":71}},"4":{"start":{"line":7,"column":17},"end":{"line":9,"column":2}},"5":{"start":{"line":12,"column":22},"end":{"line":42,"column":1}},"6":{"start":{"line":13,"column":4},"end":{"line":41,"column":5}},"7":{"start":{"line":14,"column":19},"end":{"line":14,"column":30}},"8":{"start":{"line":15,"column":18},"end":{"line":15,"column":20}},"9":{"start":{"line":18,"column":21},"end":{"line":18,"column":65}},"10":{"start":{"line":19,"column":22},"end":{"line":19,"column":43}},"11":{"start":{"line":20,"column":8},"end":{"line":20,"column":26}},"12":{"start":{"line":21,"column":8},"end":{"line":23,"column":9}},"13":{"start":{"line":22,"column":10},"end":{"line":22,"column":57}},"14":{"start":{"line":26,"column":28},"end":{"line":26,"column":50}},"15":{"start":{"line":27,"column":30},"end":{"line":27,"column":48}},"16":{"start":{"line":28,"column":8},"end":{"line":30,"column":9}},"17":{"start":{"line":29,"column":12},"end":{"line":29,"column":28}},"18":{"start":{"line":31,"column":23},"end":{"line":31,"column":78}},"19":{"start":{"line":33,"column":8},"end":{"line":33,"column":53}},"20":{"start":{"line":35,"column":8},"end":{"line":35,"column":38}},"21":{"start":{"line":39,"column":8},"end":{"line":39,"column":35}},"22":{"start":{"line":40,"column":8},"end":{"line":40,"column":53}},"23":{"start":{"line":45,"column":24},"end":{"line":57,"column":1}},"24":{"start":{"line":46,"column":4},"end":{"line":56,"column":5}},"25":{"start":{"line":48,"column":23},"end":{"line":48,"column":53}},"26":{"start":{"line":49,"column":8},"end":{"line":49,"column":27}},"27":{"start":{"line":50,"column":8},"end":{"line":50,"column":27}},"28":{"start":{"line":51,"column":8},"end":{"line":51,"column":38}},"29":{"start":{"line":54,"column":8},"end":{"line":54,"column":35}},"30":{"start":{"line":55,"column":8},"end":{"line":55,"column":53}},"31":{"start":{"line":60,"column":16},"end":{"line":81,"column":1}},"32":{"start":{"line":61,"column":4},"end":{"line":80,"column":5}},"33":{"start":{"line":62,"column":21},"end":{"line":62,"column":31}},"34":{"start":{"line":63,"column":22},"end":{"line":63,"column":45}},"35":{"start":{"line":64,"column":8},"end":{"line":66,"column":9}},"36":{"start":{"line":65,"column":12},"end":{"line":65,"column":75}},"37":{"start":{"line":68,"column":22},"end":{"line":68,"column":37}},"38":{"start":{"line":69,"column":8},"end":{"line":69,"column":26}},"39":{"start":{"line":70,"column":8},"end":{"line":72,"column":9}},"40":{"start":{"line":71,"column":10},"end":{"line":71,"column":57}},"41":{"start":{"line":75,"column":24},"end":{"line":75,"column":50}},"42":{"start":{"line":76,"column":8},"end":{"line":76,"column":47}},"43":{"start":{"line":77,"column":8},"end":{"line":77,"column":38}},"44":{"start":{"line":79,"column":8},"end":{"line":79,"column":54}},"45":{"start":{"line":85,"column":21},"end":{"line":103,"column":1}},"46":{"start":{"line":86,"column":4},"end":{"line":102,"column":5}},"47":{"start":{"line":87,"column":21},"end":{"line":87,"column":31}},"48":{"start":{"line":88,"column":22},"end":{"line":88,"column":45}},"49":{"start":{"line":89,"column":8},"end":{"line":91,"column":9}},"50":{"start":{"line":90,"column":12},"end":{"line":90,"column":75}},"51":{"start":{"line":92,"column":24},"end":{"line":92,"column":59}},"52":{"start":{"line":93,"column":8},"end":{"line":93,"column":27}},"53":{"start":{"line":94,"column":8},"end":{"line":94,"column":27}},"54":{"start":{"line":95,"column":8},"end":{"line":97,"column":9}},"55":{"start":{"line":96,"column":12},"end":{"line":96,"column":91}},"56":{"start":{"line":98,"column":8},"end":{"line":98,"column":38}},"57":{"start":{"line":101,"column":8},"end":{"line":101,"column":54}},"58":{"start":{"line":106,"column":21},"end":{"line":126,"column":1}},"59":{"start":{"line":107,"column":4},"end":{"line":125,"column":5}},"60":{"start":{"line":108,"column":21},"end":{"line":108,"column":31}},"61":{"start":{"line":109,"column":24},"end":{"line":109,"column":69}},"62":{"start":{"line":110,"column":22},"end":{"line":110,"column":45}},"63":{"start":{"line":111,"column":8},"end":{"line":113,"column":9}},"64":{"start":{"line":112,"column":12},"end":{"line":112,"column":75}},"65":{"start":{"line":115,"column":8},"end":{"line":117,"column":9}},"66":{"start":{"line":116,"column":12},"end":{"line":116,"column":91}},"67":{"start":{"line":118,"column":31},"end":{"line":118,"column":57}},"68":{"start":{"line":119,"column":8},"end":{"line":119,"column":27}},"69":{"start":{"line":120,"column":8},"end":{"line":120,"column":27}},"70":{"start":{"line":121,"column":8},"end":{"line":121,"column":45}},"71":{"start":{"line":124,"column":8},"end":{"line":124,"column":54}},"72":{"start":{"line":130,"column":0},"end":{"line":130,"column":30}}},"fnMap":{"0":{"name":"(anonymous_0)","decl":{"start":{"line":12,"column":22},"end":{"line":12,"column":23}},"loc":{"start":{"line":12,"column":41},"end":{"line":42,"column":1}},"line":12},"1":{"name":"(anonymous_1)","decl":{"start":{"line":45,"column":24},"end":{"line":45,"column":25}},"loc":{"start":{"line":45,"column":43},"end":{"line":57,"column":1}},"line":45},"2":{"name":"(anonymous_2)","decl":{"start":{"line":60,"column":16},"end":{"line":60,"column":17}},"loc":{"start":{"line":60,"column":34},"end":{"line":81,"column":1}},"line":60},"3":{"name":"(anonymous_3)","decl":{"start":{"line":85,"column":21},"end":{"line":85,"column":22}},"loc":{"start":{"line":85,"column":39},"end":{"line":103,"column":1}},"line":85},"4":{"name":"(anonymous_4)","decl":{"start":{"line":106,"column":21},"end":{"line":106,"column":22}},"loc":{"start":{"line":106,"column":39},"end":{"line":126,"column":1}},"line":106}},"branchMap":{"0":{"loc":{"start":{"line":21,"column":8},"end":{"line":23,"column":9}},"type":"if","locations":[{"start":{"line":21,"column":8},"end":{"line":23,"column":9}},{"start":{},"end":{}}],"line":21},"1":{"loc":{"start":{"line":28,"column":8},"end":{"line":30,"column":9}},"type":"if","locations":[{"start":{"line":28,"column":8},"end":{"line":30,"column":9}},{"start":{},"end":{}}],"line":28},"2":{"loc":{"start":{"line":64,"column":8},"end":{"line":66,"column":9}},"type":"if","locations":[{"start":{"line":64,"column":8},"end":{"line":66,"column":9}},{"start":{},"end":{}}],"line":64},"3":{"loc":{"start":{"line":70,"column":8},"end":{"line":72,"column":9}},"type":"if","locations":[{"start":{"line":70,"column":8},"end":{"line":72,"column":9}},{"start":{},"end":{}}],"line":70},"4":{"loc":{"start":{"line":89,"column":8},"end":{"line":91,"column":9}},"type":"if","locations":[{"start":{"line":89,"column":8},"end":{"line":91,"column":9}},{"start":{},"end":{}}],"line":89},"5":{"loc":{"start":{"line":95,"column":8},"end":{"line":97,"column":9}},"type":"if","locations":[{"start":{"line":95,"column":8},"end":{"line":97,"column":9}},{"start":{},"end":{}}],"line":95},"6":{"loc":{"start":{"line":111,"column":8},"end":{"line":113,"column":9}},"type":"if","locations":[{"start":{"line":111,"column":8},"end":{"line":113,"column":9}},{"start":{},"end":{}}],"line":111},"7":{"loc":{"start":{"line":115,"column":8},"end":{"line":117,"column":9}},"type":"if","locations":[{"start":{"line":115,"column":8},"end":{"line":117,"column":9}},{"start":{},"end":{}}],"line":115}},"s":{"0":2,"1":2,"2":2,"3":2,"4":2,"5":2,"6":3,"7":3,"8":3,"9":3,"10":3,"11":3,"12":3,"13":0,"14":3,"15":1,"16":1,"17":0,"18":1,"19":1,"20":1,"21":2,"22":2,"23":2,"24":2,"25":2,"26":1,"27":1,"28":1,"29":1,"30":1,"31":2,"32":2,"33":2,"34":2,"35":2,"36":1,"37":1,"38":1,"39":1,"40":0,"41":1,"42":1,"43":1,"44":0,"45":2,"46":3,"47":3,"48":3,"49":3,"50":1,"51":2,"52":2,"53":2,"54":2,"55":1,"56":1,"57":0,"58":2,"59":3,"60":3,"61":3,"62":2,"63":2,"64":0,"65":2,"66":1,"67":1,"68":1,"69":1,"70":1,"71":1,"72":2},"f":{"0":3,"1":2,"2":2,"3":3,"4":3},"b":{"0":[0,3],"1":[0,1],"2":[1,1],"3":[0,1],"4":[1,2],"5":[1,1],"6":[0,2],"7":[1,1]},"_coverageSchema":"1a1c01bbd47fc00a2c39e90264f33305004495a9","hash":"c476c1d7d840329d3ad4c90c39133d19c5a50a5a"}
,"C:\\Users\\jtomy\\OneDrive - Kmart Australia Limited\\KHome\\My Offline Files\\Desktop\\crud api\\middleware\\auth.js": {"path":"C:\\Users\\jtomy\\OneDrive - Kmart Australia Limited\\KHome\\My Offline Files\\Desktop\\crud api\\middleware\\auth.js","statementMap":{"0":{"start":{"line":1,"column":11},"end":{"line":1,"column":34}},"1":{"start":{"line":5,"column":8},"end":{"line":21,"column":1}},"2":{"start":{"line":6,"column":22},"end":{"line":6,"column":50}},"3":{"start":{"line":7,"column":18},"end":{"line":7,"column":56}},"4":{"start":{"line":8,"column":4},"end":{"line":8,"column":99}},"5":{"start":{"line":8,"column":21},"end":{"line":8,"column":99}},"6":{"start":{"line":9,"column":4},"end":{"line":20,"column":5}},"7":{"start":{"line":10,"column":21},"end":{"line":10,"column":70}},"8":{"start":{"line":11,"column":8},"end":{"line":17,"column":9}},"9":{"start":{"line":12,"column":12},"end":{"line":12,"column":41}},"10":{"start":{"line":13,"column":12},"end":{"line":13,"column":18}},"11":{"start":{"line":16,"column":12},"end":{"line":16,"column":49}},"12":{"start":{"line":19,"column":8},"end":{"line":19,"column":45}},"13":{"start":{"line":23,"column":7},"end":{"line":39,"column":1}},"14":{"start":{"line":24,"column":22},"end":{"line":24,"column":50}},"15":{"start":{"line":25,"column":18},"end":{"line":25,"column":56}},"16":{"start":{"line":26,"column":4},"end":{"line":26,"column":99}},"17":{"start":{"line":26,"column":21},"end":{"line":26,"column":99}},"18":{"start":{"line":27,"column":4},"end":{"line":38,"column":5}},"19":{"start":{"line":28,"column":21},"end":{"line":28,"column":70}},"20":{"start":{"line":29,"column":8},"end":{"line":35,"column":9}},"21":{"start":{"line":30,"column":12},"end":{"line":30,"column":41}},"22":{"start":{"line":31,"column":12},"end":{"line":31,"column":18}},"23":{"start":{"line":34,"column":12},"end":{"line":34,"column":49}},"24":{"start":{"line":37,"column":8},"end":{"line":37,"column":45}},"25":{"start":{"line":42,"column":0},"end":{"line":42,"column":34}}},"fnMap":{"0":{"name":"(anonymous_0)","decl":{"start":{"line":5,"column":8},"end":{"line":5,"column":9}},"loc":{"start":{"line":5,"column":25},"end":{"line":21,"column":1}},"line":5},"1":{"name":"(anonymous_1)","decl":{"start":{"line":23,"column":7},"end":{"line":23,"column":8}},"loc":{"start":{"line":23,"column":24},"end":{"line":39,"column":1}},"line":23}},"branchMap":{"0":{"loc":{"start":{"line":7,"column":18},"end":{"line":7,"column":56}},"type":"binary-expr","locations":[{"start":{"line":7,"column":18},"end":{"line":7,"column":28}},{"start":{"line":7,"column":32},"end":{"line":7,"column":56}}],"line":7},"1":{"loc":{"start":{"line":8,"column":4},"end":{"line":8,"column":99}},"type":"if","locations":[{"start":{"line":8,"column":4},"end":{"line":8,"column":99}},{"start":{},"end":{}}],"line":8},"2":{"loc":{"start":{"line":11,"column":8},"end":{"line":17,"column":9}},"type":"if","locations":[{"start":{"line":11,"column":8},"end":{"line":17,"column":9}},{"start":{"line":15,"column":12},"end":{"line":17,"column":9}}],"line":11},"3":{"loc":{"start":{"line":25,"column":18},"end":{"line":25,"column":56}},"type":"binary-expr","locations":[{"start":{"line":25,"column":18},"end":{"line":25,"column":28}},{"start":{"line":25,"column":32},"end":{"line":25,"column":56}}],"line":25},"4":{"loc":{"start":{"line":26,"column":4},"end":{"line":26,"column":99}},"type":"if","locations":[{"start":{"line":26,"column":4},"end":{"line":26,"column":99}},{"start":{},"end":{}}],"line":26},"5":{"loc":{"start":{"line":29,"column":8},"end":{"line":35,"column":9}},"type":"if","locations":[{"start":{"line":29,"column":8},"end":{"line":35,"column":9}},{"start":{"line":33,"column":12},"end":{"line":35,"column":9}}],"line":29}},"s":{"0":1,"1":1,"2":7,"3":7,"4":7,"5":0,"6":7,"7":7,"8":7,"9":7,"10":7,"11":0,"12":0,"13":1,"14":3,"15":3,"16":3,"17":0,"18":3,"19":3,"20":3,"21":3,"22":3,"23":0,"24":0,"25":1},"f":{"0":7,"1":3},"b":{"0":[7,7],"1":[0,7],"2":[7,0],"3":[3,3],"4":[0,3],"5":[3,0]},"_coverageSchema":"1a1c01bbd47fc00a2c39e90264f33305004495a9","hash":"1f12b45ae77da277d3e8f3fb3e7137bd01046924"}
,"C:\\Users\\jtomy\\OneDrive - Kmart Australia Limited\\KHome\\My Offline Files\\Desktop\\crud api\\middleware\\authorization.js": {"path":"C:\\Users\\jtomy\\OneDrive - Kmart Australia Limited\\KHome\\My Offline Files\\Desktop\\crud api\\middleware\\authorization.js","statementMap":{"0":{"start":{"line":1,"column":11},"end":{"line":1,"column":34}},"1":{"start":{"line":4,"column":22},"end":{"line":4,"column":50}},"2":{"start":{"line":5,"column":18},"end":{"line":5,"column":56}},"3":{"start":{"line":6,"column":4},"end":{"line":6,"column":99}},"4":{"start":{"line":6,"column":21},"end":{"line":6,"column":99}},"5":{"start":{"line":8,"column":4},"end":{"line":11,"column":6}},"6":{"start":{"line":9,"column":8},"end":{"line":9,"column":80}},"7":{"start":{"line":9,"column":17},"end":{"line":9,"column":80}},"8":{"start":{"line":10,"column":8},"end":{"line":10,"column":14}},"9":{"start":{"line":13,"column":0},"end":{"line":13,"column":24}}},"fnMap":{"0":{"name":"authToken","decl":{"start":{"line":3,"column":9},"end":{"line":3,"column":18}},"loc":{"start":{"line":3,"column":32},"end":{"line":12,"column":1}},"line":3},"1":{"name":"(anonymous_1)","decl":{"start":{"line":8,"column":53},"end":{"line":8,"column":54}},"loc":{"start":{"line":8,"column":65},"end":{"line":11,"column":5}},"line":8}},"branchMap":{"0":{"loc":{"start":{"line":5,"column":18},"end":{"line":5,"column":56}},"type":"binary-expr","locations":[{"start":{"line":5,"column":18},"end":{"line":5,"column":28}},{"start":{"line":5,"column":32},"end":{"line":5,"column":56}}],"line":5},"1":{"loc":{"start":{"line":6,"column":4},"end":{"line":6,"column":99}},"type":"if","locations":[{"start":{"line":6,"column":4},"end":{"line":6,"column":99}},{"start":{},"end":{}}],"line":6},"2":{"loc":{"start":{"line":9,"column":8},"end":{"line":9,"column":80}},"type":"if","locations":[{"start":{"line":9,"column":8},"end":{"line":9,"column":80}},{"start":{},"end":{}}],"line":9}},"s":{"0":2,"1":11,"2":11,"3":11,"4":0,"5":11,"6":11,"7":0,"8":11,"9":2},"f":{"0":11,"1":11},"b":{"0":[11,11],"1":[0,11],"2":[0,11]},"_coverageSchema":"1a1c01bbd47fc00a2c39e90264f33305004495a9","hash":"c575cc4bcfcace67f684d08f334bc164bae1e05b"}
,"C:\\Users\\jtomy\\OneDrive - Kmart Australia Limited\\KHome\\My Offline Files\\Desktop\\crud api\\models\\productModel.js": {"path":"C:\\Users\\jtomy\\OneDrive - Kmart Australia Limited\\KHome\\My Offline Files\\Desktop\\crud api\\models\\productModel.js","statementMap":{"0":{"start":{"line":1,"column":16},"end":{"line":1,"column":35}},"1":{"start":{"line":3,"column":21},"end":{"line":30,"column":1}},"2":{"start":{"line":32,"column":14},"end":{"line":32,"column":53}},"3":{"start":{"line":34,"column":0},"end":{"line":34,"column":23}}},"fnMap":{},"branchMap":{},"s":{"0":2,"1":2,"2":2,"3":2},"f":{},"b":{},"_coverageSchema":"1a1c01bbd47fc00a2c39e90264f33305004495a9","hash":"37c2e424ad7e9bb942e0e792785d5d267e2bad8c"}
,"C:\\Users\\jtomy\\OneDrive - Kmart Australia Limited\\KHome\\My Offline Files\\Desktop\\crud api\\routes\\product.js": {"path":"C:\\Users\\jtomy\\OneDrive - Kmart Australia Limited\\KHome\\My Offline Files\\Desktop\\crud api\\routes\\product.js","statementMap":{"0":{"start":{"line":1,"column":15},"end":{"line":1,"column":33}},"1":{"start":{"line":2,"column":18},"end":{"line":2,"column":51}},"2":{"start":{"line":3,"column":21},"end":{"line":3,"column":57}},"3":{"start":{"line":4,"column":13},"end":{"line":4,"column":29}},"4":{"start":{"line":5,"column":18},"end":{"line":5,"column":47}},"5":{"start":{"line":7,"column":20},"end":{"line":7,"column":49}},"6":{"start":{"line":9,"column":0},"end":{"line":9,"column":65}},"7":{"start":{"line":10,"column":0},"end":{"line":10,"column":63}},"8":{"start":{"line":11,"column":0},"end":{"line":11,"column":113}},"9":{"start":{"line":12,"column":0},"end":{"line":12,"column":72}},"10":{"start":{"line":13,"column":0},"end":{"line":13,"column":112}},"11":{"start":{"line":14,"column":0},"end":{"line":14,"column":24}}},"fnMap":{},"branchMap":{},"s":{"0":1,"1":1,"2":1,"3":1,"4":1,"5":1,"6":1,"7":1,"8":1,"9":1,"10":1,"11":1},"f":{},"b":{},"_coverageSchema":"1a1c01bbd47fc00a2c39e90264f33305004495a9","hash":"d36980c016dc3c7be937f3b54bce5da85ae06031"}
,"C:\\Users\\jtomy\\OneDrive - Kmart Australia Limited\\KHome\\My Offline Files\\Desktop\\crud api\\validations\\productVal.js": {"path":"C:\\Users\\jtomy\\OneDrive - Kmart Australia Limited\\KHome\\My Offline Files\\Desktop\\crud api\\validations\\productVal.js","statementMap":{"0":{"start":{"line":1,"column":12},"end":{"line":1,"column":26}},"1":{"start":{"line":4,"column":25},"end":{"line":17,"column":5}},"2":{"start":{"line":20,"column":0},"end":{"line":20,"column":32}}},"fnMap":{},"branchMap":{},"s":{"0":1,"1":1,"2":1},"f":{},"b":{},"_coverageSchema":"1a1c01bbd47fc00a2c39e90264f33305004495a9","hash":"54bfcc34eb86d29bb6aaff3006be5b17e6288a3f"}
}
