TN:
SF:connection.js
FN:3,connectMongoDb
FNF:1
FNH:1
FNDA:1,connectMongoDb
DA:1,1
DA:4,1
DA:7,1
LF:3
LH:3
BRF:0
BRH:0
end_of_record
TN:
SF:server.js
FN:15,(anonymous_0)
FN:18,(anonymous_1)
FN:26,(anonymous_2)
FN:28,(anonymous_3)
FN:31,(anonymous_4)
FNF:5
FNH:4
FNDA:1,(anonymous_0)
FNDA:1,(anonymous_1)
FNDA:1,(anonymous_2)
FNDA:1,(anonymous_3)
FNDA:0,(anonymous_4)
DA:1,1
DA:2,1
DA:3,1
DA:4,1
DA:5,1
DA:8,1
DA:9,1
DA:12,1
DA:13,1
DA:15,1
DA:16,1
DA:18,1
DA:19,1
DA:22,1
DA:25,1
DA:27,1
DA:28,1
DA:29,1
DA:32,0
DA:35,1
LF:20
LH:19
BRDA:13,0,0,1
BRDA:13,0,1,0
BRF:2
BRH:1
end_of_record
TN:
SF:controllers\product.js
FN:10,(anonymous_0)
FN:22,(anonymous_1)
FN:35,(anonymous_2)
FN:49,(anonymous_3)
FN:68,(anonymous_4)
FNF:5
FNH:5
FNDA:1,(anonymous_0)
FNDA:1,(anonymous_1)
FNDA:2,(anonymous_2)
FNDA:3,(anonymous_3)
FNDA:1,(anonymous_4)
DA:1,1
DA:2,1
DA:4,1
DA:10,1
DA:11,1
DA:12,1
DA:13,1
DA:16,0
DA:17,0
DA:22,1
DA:23,1
DA:25,1
DA:26,1
DA:29,0
DA:30,0
DA:35,1
DA:36,2
DA:37,2
DA:38,2
DA:39,2
DA:40,1
DA:42,1
DA:43,1
DA:45,0
DA:49,1
DA:50,3
DA:51,3
DA:52,3
DA:53,3
DA:54,1
DA:56,2
DA:57,2
DA:58,1
DA:60,1
DA:63,0
DA:68,1
DA:69,1
DA:70,1
DA:71,1
DA:72,1
DA:73,1
DA:74,0
DA:77,1
DA:78,0
DA:80,1
DA:81,1
DA:84,0
DA:89,1
LF:48
LH:39
BRDA:39,0,0,1
BRDA:39,0,1,1
BRDA:53,1,0,1
BRDA:53,1,1,2
BRDA:57,2,0,1
BRDA:57,2,1,1
BRDA:73,3,0,0
BRDA:73,3,1,1
BRDA:77,4,0,0
BRDA:77,4,1,1
BRF:10
BRH:8
end_of_record
TN:
SF:models\productModel.js
FNF:0
FNH:0
DA:1,1
DA:3,1
DA:32,1
DA:34,1
LF:4
LH:4
BRF:0
BRH:0
end_of_record
TN:
SF:routes\product.js
FNF:0
FNH:0
DA:1,1
DA:2,1
DA:3,1
DA:4,1
DA:5,1
DA:8,1
DA:9,1
DA:10,1
DA:11,1
DA:12,1
DA:13,1
LF:11
LH:11
BRF:0
BRH:0
end_of_record
TN:
SF:validations\productVal.js
FNF:0
FNH:0
DA:1,1
DA:4,1
DA:20,1
LF:3
LH:3
BRF:0
BRH:0
end_of_record
